npm verb cli C:\Program Files\nodejs\node.exe C:\Users\BenScott\AppData\Roaming\npm\node_modules\npm\bin\npm-cli.js
npm info using npm@10.2.3
npm info using node@v21.6.1
npm verb title npm install
npm verb argv "install" "--legacy-peer-deps" "--loglevel" "verbose"
npm verb logfile logs-max:10 dir:C:\Users\BenScott\AppData\Local\npm-cache\_logs\2024-03-14T16_47_24_859Z-
npm verb logfile C:\Users\BenScott\AppData\Local\npm-cache\_logs\2024-03-14T16_47_24_859Z-debug-0.log
npm http fetch GET 200 https://registry.npmjs.org/browserstack-cypress-cli 15ms (cache hit)
npm http fetch GET 200 https://registry.npmjs.org/cypress 5ms (cache hit)
npm http fetch GET 200 https://registry.npmjs.org/browserstack-local 80ms (cache hit)
npm http fetch GET 200 https://registry.npmjs.org/git-last-commit 80ms (cache hit)
npm http fetch GET 200 https://registry.npmjs.org/chalk 81ms (cache hit)
npm http fetch GET 200 https://registry.npmjs.org/git-repo-info 80ms (cache hit)
npm http fetch GET 200 https://registry.npmjs.org/async 82ms (cache hit)
npm http fetch GET 200 https://registry.npmjs.org/archiver 84ms (cache hit)
npm http fetch GET 200 https://registry.npmjs.org/cli-progress 84ms (cache hit)
npm http fetch GET 200 https://registry.npmjs.org/gitconfiglocal 83ms (cache hit)
npm http fetch GET 200 https://registry.npmjs.org/getmac 85ms (cache hit)
npm http fetch GET 200 https://registry.npmjs.org/fs-extra 86ms (cache hit)
npm http fetch GET 200 https://registry.npmjs.org/glob 87ms (cache hit)
npm http fetch GET 200 https://registry.npmjs.org/mkdirp 88ms (cache hit)
npm http fetch GET 200 https://registry.npmjs.org/request 89ms (cache hit)
npm http fetch GET 200 https://registry.npmjs.org/table 90ms (cache hit)
npm http fetch GET 200 https://registry.npmjs.org/requestretry 91ms (cache hit)
npm http fetch GET 200 https://registry.npmjs.org/mocha 93ms (cache hit)
npm http fetch GET 200 https://registry.npmjs.org/update-notifier 95ms (cache hit)
npm http fetch GET 200 https://registry.npmjs.org/node-ipc 97ms (cache hit)
npm http fetch GET 200 https://registry.npmjs.org/@cypress%2frequest 94ms (cache hit)
npm http fetch GET 200 https://registry.npmjs.org/windows-release 97ms (cache hit)
npm http fetch GET 200 https://registry.npmjs.org/decompress 98ms (cache hit)
npm http fetch GET 200 https://registry.npmjs.org/winston 99ms (cache hit)
npm http fetch GET 200 https://registry.npmjs.org/cachedir 97ms (cache hit)
npm http fetch GET 200 https://registry.npmjs.org/@cypress%2fxvfb 98ms (cache hit)
npm http fetch GET 200 https://registry.npmjs.org/@types%2fsinonjs__fake-timers 98ms (cache hit)
npm http fetch GET 200 https://registry.npmjs.org/blob-util 98ms (cache hit)
npm http fetch GET 200 https://registry.npmjs.org/@types%2fsizzle 98ms (cache hit)
npm http fetch GET 200 https://registry.npmjs.org/uuid 101ms (cache hit)
npm http fetch GET 200 https://registry.npmjs.org/cli-table3 98ms (cache hit)
npm http fetch GET 200 https://registry.npmjs.org/cli-cursor 98ms (cache hit)
npm http fetch GET 200 https://registry.npmjs.org/arch 100ms (cache hit)
npm http fetch GET 200 https://registry.npmjs.org/yargs 104ms (cache hit)
npm http fetch GET 200 https://registry.npmjs.org/bluebird 103ms (cache hit)
npm http fetch GET 200 https://registry.npmjs.org/buffer 105ms (cache hit)
npm http fetch GET 200 https://registry.npmjs.org/commander 105ms (cache hit)
npm http fetch GET 200 https://registry.npmjs.org/chalk 107ms (cache hit)
npm http fetch GET 200 https://registry.npmjs.org/enquirer 104ms (cache hit)
npm http fetch GET 200 https://registry.npmjs.org/common-tags 108ms (cache hit)
npm http fetch GET 200 https://registry.npmjs.org/debug 107ms (cache hit)
npm http fetch GET 200 https://registry.npmjs.org/figures 107ms (cache hit)
npm http fetch GET 200 https://registry.npmjs.org/eventemitter2 107ms (cache hit)
npm http fetch GET 200 https://registry.npmjs.org/is-ci 107ms (cache hit)
npm http fetch GET 200 https://registry.npmjs.org/is-installed-globally 107ms (cache hit)
npm http fetch GET 200 https://registry.npmjs.org/executable 109ms (cache hit)
npm http fetch GET 200 https://registry.npmjs.org/extract-zip 109ms (cache hit)
npm http fetch GET 200 https://registry.npmjs.org/getos 108ms (cache hit)
npm http fetch GET 200 https://registry.npmjs.org/lodash 109ms (cache hit)
npm http fetch GET 200 https://registry.npmjs.org/fs-extra 110ms (cache hit)
npm http fetch GET 200 https://registry.npmjs.org/execa 112ms (cache hit)
npm http fetch GET 200 https://registry.npmjs.org/check-more-types 116ms (cache hit)
npm http fetch GET 200 https://registry.npmjs.org/process 112ms (cache hit)
npm http fetch GET 200 https://registry.npmjs.org/log-symbols 112ms (cache hit)
npm http fetch GET 200 https://registry.npmjs.org/minimist 112ms (cache hit)
npm http fetch GET 200 https://registry.npmjs.org/request-progress 113ms (cache hit)
npm http fetch GET 200 https://registry.npmjs.org/lazy-ass 114ms (cache hit)
npm http fetch GET 200 https://registry.npmjs.org/dayjs 119ms (cache hit)
npm http fetch GET 200 https://registry.npmjs.org/ospath 115ms (cache hit)
npm http fetch GET 200 https://registry.npmjs.org/pretty-bytes 116ms (cache hit)
npm http fetch GET 200 https://registry.npmjs.org/tmp 115ms (cache hit)
npm http fetch GET 200 https://registry.npmjs.org/listr2 118ms (cache hit)
npm http fetch GET 200 https://registry.npmjs.org/supports-color 123ms (cache hit)
npm http fetch GET 200 https://registry.npmjs.org/proxy-from-env 126ms (cache hit)
npm http fetch GET 200 https://registry.npmjs.org/untildify 125ms (cache hit)
npm http fetch GET 200 https://registry.npmjs.org/semver 126ms (cache hit)
npm http fetch GET 200 https://registry.npmjs.org/yauzl 127ms (cache hit)
npm http fetch GET 200 https://registry.npmjs.org/zip-stream 126ms (cache hit)
npm http fetch GET 200 https://registry.npmjs.org/is-running 125ms (cache hit)
npm http fetch GET 200 https://registry.npmjs.org/tar-stream 127ms (cache hit)
npm http fetch GET 200 https://registry.npmjs.org/agent-base 126ms (cache hit)
npm http fetch GET 200 https://registry.npmjs.org/ps-tree 126ms (cache hit)
npm http fetch GET 200 https://registry.npmjs.org/archiver-utils 130ms (cache hit)
npm http fetch GET 200 https://registry.npmjs.org/buffer-crc32 130ms (cache hit)
npm http fetch GET 200 https://registry.npmjs.org/temp-fs 128ms (cache hit)
npm http fetch GET 200 https://registry.npmjs.org/decompress-unzip 125ms (cache hit)
npm http fetch GET 200 https://registry.npmjs.org/https-proxy-agent 129ms (cache hit)
npm http fetch GET 200 https://registry.npmjs.org/readable-stream 132ms (cache hit)
npm http fetch GET 200 https://registry.npmjs.org/readdir-glob 132ms (cache hit)
npm http fetch GET 200 https://registry.npmjs.org/decompress-targz 128ms (cache hit)
npm http fetch GET 200 https://registry.npmjs.org/decompress-tar 128ms (cache hit)
npm http fetch GET 200 https://registry.npmjs.org/ansi-styles 130ms (cache hit)
npm http fetch GET 200 https://registry.npmjs.org/string-width 130ms (cache hit)
npm http fetch GET 200 https://registry.npmjs.org/pify 129ms (cache hit)
npm http fetch GET 200 https://registry.npmjs.org/strip-dirs 129ms (cache hit)
npm http fetch GET 200 https://registry.npmjs.org/universalify 129ms (cache hit)
npm http fetch GET 200 https://registry.npmjs.org/graceful-fs 131ms (cache hit)
npm http fetch GET 200 https://registry.npmjs.org/graceful-fs 130ms (cache hit)
npm http fetch GET 200 https://registry.npmjs.org/make-dir 132ms (cache hit)
npm http fetch GET 200 https://registry.npmjs.org/fs.realpath 128ms (cache hit)
npm http fetch GET 200 https://registry.npmjs.org/once 127ms (cache hit)
npm http fetch GET 200 https://registry.npmjs.org/path-is-absolute 127ms (cache hit)
npm http fetch GET 200 https://registry.npmjs.org/ini 129ms (cache hit)
npm http fetch GET 200 https://registry.npmjs.org/jsonfile 132ms (cache hit)
npm http fetch GET 200 https://registry.npmjs.org/inherits 129ms (cache hit)
npm http fetch GET 200 https://registry.npmjs.org/inflight 130ms (cache hit)
npm http fetch GET 200 https://registry.npmjs.org/ansi-colors 127ms (cache hit)
npm http fetch GET 200 https://registry.npmjs.org/js-yaml 127ms (cache hit)
npm http fetch GET 200 https://registry.npmjs.org/find-up 127ms (cache hit)
npm http fetch GET 200 https://registry.npmjs.org/ms 127ms (cache hit)
npm http fetch GET 200 https://registry.npmjs.org/chokidar 129ms (cache hit)
npm http fetch GET 200 https://registry.npmjs.org/strip-json-comments 128ms (cache hit)
npm http fetch GET 200 https://registry.npmjs.org/minimatch 133ms (cache hit)
npm http fetch GET 200 https://registry.npmjs.org/yargs-unparser 130ms (cache hit)
npm http fetch GET 200 https://registry.npmjs.org/escape-string-regexp 131ms (cache hit)
npm http fetch GET 200 https://registry.npmjs.org/browser-stdout 132ms (cache hit)
npm http fetch GET 200 https://registry.npmjs.org/serialize-javascript 131ms (cache hit)
npm http fetch GET 200 https://registry.npmjs.org/he 132ms (cache hit)
npm http fetch GET 200 https://registry.npmjs.org/diff 133ms (cache hit)
npm http fetch GET 200 https://registry.npmjs.org/yargs-parser 132ms (cache hit)
npm http fetch GET 200 https://registry.npmjs.org/js-queue 132ms (cache hit)
npm http fetch GET 200 https://registry.npmjs.org/minimatch 134ms (cache hit)
npm http fetch GET 200 https://registry.npmjs.org/event-pubsub 133ms (cache hit)
npm http fetch GET 200 https://registry.npmjs.org/caseless 132ms (cache hit)
npm http fetch GET 200 https://registry.npmjs.org/combined-stream 133ms (cache hit)
npm http fetch GET 200 https://registry.npmjs.org/extend 133ms (cache hit)
npm http fetch GET 200 https://registry.npmjs.org/js-message 135ms (cache hit)
npm http fetch GET 200 https://registry.npmjs.org/aws-sign2 134ms (cache hit)
npm http fetch GET 200 https://registry.npmjs.org/aws4 135ms (cache hit)
npm http fetch GET 200 https://registry.npmjs.org/isstream 133ms (cache hit)
npm http fetch GET 200 https://registry.npmjs.org/workerpool 137ms (cache hit)
npm http fetch GET 200 https://registry.npmjs.org/is-typedarray 134ms (cache hit)
npm http fetch GET 200 https://registry.npmjs.org/forever-agent 135ms (cache hit)
npm http fetch GET 200 https://registry.npmjs.org/http-signature 134ms (cache hit)
npm http fetch GET 200 https://registry.npmjs.org/har-validator 136ms (cache hit)
npm http fetch GET 200 https://registry.npmjs.org/decompress-tarbz2 149ms (cache hit)
npm http fetch GET 200 https://registry.npmjs.org/form-data 137ms (cache hit)
npm http fetch GET 200 https://registry.npmjs.org/json-stringify-safe 136ms (cache hit)
npm http fetch GET 200 https://registry.npmjs.org/mime-types 136ms (cache hit)
npm http fetch GET 200 https://registry.npmjs.org/safe-buffer 137ms (cache hit)
npm http fetch GET 200 https://registry.npmjs.org/performance-now 137ms (cache hit)
npm http fetch GET 200 https://registry.npmjs.org/qs 137ms (cache hit)
npm http fetch GET 200 https://registry.npmjs.org/oauth-sign 139ms (cache hit)
npm http fetch GET 200 https://registry.npmjs.org/tough-cookie 138ms (cache hit)
npm http fetch GET 200 https://registry.npmjs.org/tunnel-agent 139ms (cache hit)
npm http fetch GET 200 https://registry.npmjs.org/slice-ansi 137ms (cache hit)
npm http fetch GET 200 https://registry.npmjs.org/extend 139ms (cache hit)
npm http fetch GET 200 https://registry.npmjs.org/boxen 137ms (cache hit)
npm http fetch GET 200 https://registry.npmjs.org/configstore 138ms (cache hit)
npm http fetch GET 200 https://registry.npmjs.org/latest-version 137ms (cache hit)
npm http fetch GET 200 https://registry.npmjs.org/string-width 140ms (cache hit)
npm http fetch GET 200 https://registry.npmjs.org/is-yarn-global 138ms (cache hit)
npm http fetch GET 200 https://registry.npmjs.org/import-lazy 139ms (cache hit)
npm http fetch GET 200 https://registry.npmjs.org/has-yarn 140ms (cache hit)
npm http fetch GET 200 https://registry.npmjs.org/cycle 133ms (cache hit)
npm http fetch GET 200 https://registry.npmjs.org/is-npm 140ms (cache hit)
npm http fetch GET 200 https://registry.npmjs.org/stack-trace 133ms (cache hit)
npm http fetch GET 200 https://registry.npmjs.org/isstream 134ms (cache hit)
npm http fetch GET 200 https://registry.npmjs.org/semver-diff 137ms (cache hit)
npm http fetch GET 200 https://registry.npmjs.org/colors 134ms (cache hit)
npm http fetch GET 200 https://registry.npmjs.org/xdg-basedir 138ms (cache hit)
npm http fetch GET 200 https://registry.npmjs.org/eyes 135ms (cache hit)
npm http fetch GET 200 https://registry.npmjs.org/pupa 140ms (cache hit)
npm http fetch GET 200 https://registry.npmjs.org/ajv 145ms (cache hit)
npm http fetch GET 200 https://registry.npmjs.org/cliui 141ms (cache hit)
npm http fetch GET 200 https://registry.npmjs.org/get-caller-file 141ms (cache hit)
npm http fetch GET 200 https://registry.npmjs.org/require-directory 141ms (cache hit)
npm http fetch GET 200 https://registry.npmjs.org/decamelize 143ms (cache hit)
npm http fetch GET 200 https://registry.npmjs.org/find-up 143ms (cache hit)
npm http fetch GET 200 https://registry.npmjs.org/set-blocking 142ms (cache hit)
npm http fetch GET 200 https://registry.npmjs.org/@types%2fnode 171ms (cache hit)
npm http fetch GET 200 https://registry.npmjs.org/yargs-parser 156ms (cache hit)
npm http fetch GET 200 https://registry.npmjs.org/require-main-filename 157ms (cache hit)
npm http fetch GET 200 https://registry.npmjs.org/which-module 157ms (cache hit)
npm http fetch GET 200 https://registry.npmjs.org/y18n 158ms (cache hit)
npm http fetch GET 200 https://registry.npmjs.org/lodash.isplainobject 22ms (cache hit)
npm http fetch GET 200 https://registry.npmjs.org/lazystream 24ms (cache hit)
npm http fetch GET 200 https://registry.npmjs.org/lodash.defaults 24ms (cache hit)
npm http fetch GET 200 https://registry.npmjs.org/lodash.flatten 24ms (cache hit)
npm http fetch GET 200 https://registry.npmjs.org/lodash.difference 25ms (cache hit)
npm http fetch GET 200 https://registry.npmjs.org/normalize-path 25ms (cache hit)
npm http fetch GET 200 https://registry.npmjs.org/bl 23ms (cache hit)
npm http fetch GET 200 https://registry.npmjs.org/compress-commons 23ms (cache hit)
npm http fetch GET 200 https://registry.npmjs.org/lodash.union 28ms (cache hit)
npm http fetch GET 200 https://registry.npmjs.org/util-deprecate 26ms (cache hit)
npm http fetch GET 200 https://registry.npmjs.org/string_decoder 28ms (cache hit)
npm http fetch GET 200 https://registry.npmjs.org/end-of-stream 26ms (cache hit)
npm http fetch GET 200 https://registry.npmjs.org/fs-constants 27ms (cache hit)
npm http fetch GET 200 https://registry.npmjs.org/process-nextick-args 6ms (cache hit)
npm http fetch GET 200 https://registry.npmjs.org/core-util-is 7ms (cache hit)
npm http fetch GET 200 https://registry.npmjs.org/isarray 7ms (cache hit)
npm http fetch GET 200 https://registry.npmjs.org/rimraf 3ms (cache hit)
npm http fetch GET 200 https://registry.npmjs.org/event-stream 5ms (cache hit)
npm http fetch GET 200 https://registry.npmjs.org/has-flag 4ms (cache hit)
npm http fetch GET 200 https://registry.npmjs.org/color-convert 5ms (cache hit)
npm http fetch GET 200 https://registry.npmjs.org/color-name 4ms (cache hit)
npm http fetch GET 200 https://registry.npmjs.org/is-fullwidth-code-point 4ms (cache hit)
npm http fetch GET 200 https://registry.npmjs.org/strip-ansi 5ms (cache hit)
npm http fetch GET 200 https://registry.npmjs.org/emoji-regex 6ms (cache hit)
npm http fetch GET 200 https://registry.npmjs.org/lodash.once 64ms (cache hit)
npm http fetch GET 200 https://registry.npmjs.org/restore-cursor 59ms (cache hit)
npm http fetch GET 200 https://registry.npmjs.org/@colors%2fcolors 58ms (cache hit)
npm http fetch GET 200 https://registry.npmjs.org/base64-js 62ms (cache hit)
npm http fetch GET 200 https://registry.npmjs.org/merge-stream 54ms (cache hit)
npm http fetch GET 200 https://registry.npmjs.org/cross-spawn 54ms (cache hit)
npm http fetch GET 200 https://registry.npmjs.org/get-stream 54ms (cache hit)
npm http fetch GET 200 https://registry.npmjs.org/ieee754 64ms (cache hit)
npm http fetch GET 200 https://registry.npmjs.org/npm-run-path 55ms (cache hit)
npm http fetch GET 200 https://registry.npmjs.org/is-stream 55ms (cache hit)
npm http fetch GET 200 https://registry.npmjs.org/global-dirs 49ms (cache hit)
npm http fetch GET 200 https://registry.npmjs.org/get-stream 54ms (cache hit)
npm http fetch GET 200 https://registry.npmjs.org/signal-exit 55ms (cache hit)
npm http fetch GET 200 https://registry.npmjs.org/human-signals 57ms (cache hit)
npm http fetch GET 200 https://registry.npmjs.org/onetime 57ms (cache hit)
npm http fetch GET 200 https://registry.npmjs.org/at-least-node 53ms (cache hit)
npm http fetch GET 200 https://registry.npmjs.org/cli-truncate 50ms (cache hit)
npm http fetch GET 200 https://registry.npmjs.org/ci-info 53ms (cache hit)
npm http fetch GET 200 https://registry.npmjs.org/colorette 50ms (cache hit)
npm http fetch GET 200 https://registry.npmjs.org/p-map 50ms (cache hit)
npm http fetch GET 200 https://registry.npmjs.org/strip-final-newline 58ms (cache hit)
npm http fetch GET 200 https://registry.npmjs.org/log-update 51ms (cache hit)
npm http fetch GET 200 https://registry.npmjs.org/is-path-inside 53ms (cache hit)
npm http fetch GET 200 https://registry.npmjs.org/wrap-ansi 51ms (cache hit)
npm http fetch GET 200 https://registry.npmjs.org/throttleit 47ms (cache hit)
npm http fetch GET 200 https://registry.npmjs.org/rfdc 52ms (cache hit)
npm http fetch GET 200 https://registry.npmjs.org/through 52ms (cache hit)
npm http fetch GET 200 https://registry.npmjs.org/rxjs 53ms (cache hit)
npm http fetch GET 200 https://registry.npmjs.org/@types%2fyauzl 63ms (cache hit)
npm http fetch GET 200 https://registry.npmjs.org/is-unicode-supported 56ms (cache hit)
npm http fetch GET 200 https://registry.npmjs.org/lru-cache 54ms (cache hit)
npm http fetch GET 200 https://registry.npmjs.org/fd-slicer 53ms (cache hit)
npm http fetch GET 200 https://registry.npmjs.org/delayed-stream 20ms (cache hit)
npm http fetch GET 200 https://registry.npmjs.org/asynckit 20ms (cache hit)
npm http fetch GET 200 https://registry.npmjs.org/mime-db 18ms (cache hit)
npm http fetch GET 200 https://registry.npmjs.org/punycode 16ms (cache hit)
npm http fetch GET 200 https://registry.npmjs.org/assert-plus 22ms (cache hit)
npm http fetch GET 200 https://registry.npmjs.org/sshpk 23ms (cache hit)
npm http fetch GET 200 https://registry.npmjs.org/psl 19ms (cache hit)
npm http fetch GET 200 https://registry.npmjs.org/url-parse 20ms (cache hit)
npm http fetch GET 200 https://registry.npmjs.org/side-channel 24ms (cache hit)
npm http fetch GET 200 https://registry.npmjs.org/jsprim 27ms (cache hit)
npm http fetch GET 200 https://registry.npmjs.org/unbzip2-stream 9ms (cache hit)
npm http fetch GET 200 https://registry.npmjs.org/file-type 9ms (cache hit)
npm http fetch GET 200 https://registry.npmjs.org/is-natural-number 10ms (cache hit)
npm http fetch GET 200 https://registry.npmjs.org/seek-bzip 13ms (cache hit)
npm http fetch GET 200 https://registry.npmjs.org/file-type 15ms (cache hit)
npm http fetch GET 200 https://registry.npmjs.org/file-type 20ms (cache hit)
npm http fetch GET 200 https://registry.npmjs.org/buffer-alloc 7ms (cache hit)
npm http fetch GET 200 https://registry.npmjs.org/to-buffer 8ms (cache hit)
npm http fetch GET 200 https://registry.npmjs.org/xtend 8ms (cache hit)
npm http fetch GET 200 https://registry.npmjs.org/object-assign 4ms (cache hit)
npm http fetch GET 200 https://registry.npmjs.org/pinkie-promise 4ms (cache hit)
npm http fetch GET 200 https://registry.npmjs.org/ansi-regex 4ms (cache hit)
npm http fetch GET 200 https://registry.npmjs.org/pump 11ms (cache hit)
npm http fetch GET 200 https://registry.npmjs.org/path-key 13ms (cache hit)
npm http fetch GET 200 https://registry.npmjs.org/path-key 11ms (cache hit)
npm http fetch GET 200 https://registry.npmjs.org/which 15ms (cache hit)
npm http fetch GET 200 https://registry.npmjs.org/mimic-fn 13ms (cache hit)
npm http fetch GET 200 https://registry.npmjs.org/shebang-command 16ms (cache hit)
npm http fetch GET 200 https://registry.npmjs.org/isexe 5ms (cache hit)
npm http fetch GET 200 https://registry.npmjs.org/shebang-regex 8ms (cache hit)
npm http fetch GET 200 https://registry.npmjs.org/undici-types 5ms (cache hit)
npm http fetch GET 200 https://registry.npmjs.org/pinkie 5ms (cache hit)
npm http fetch GET 200 https://registry.npmjs.org/brace-expansion 8ms (cache hit)
npm http fetch GET 200 https://registry.npmjs.org/wrappy 11ms (cache hit)
npm http fetch GET 200 https://registry.npmjs.org/safer-buffer 15ms (cache hit)
npm http fetch GET 200 https://registry.npmjs.org/jsbn 15ms (cache hit)
npm http fetch GET 200 https://registry.npmjs.org/ecc-jsbn 15ms (cache hit)
npm http fetch GET 200 https://registry.npmjs.org/extsprintf 18ms (cache hit)
npm http fetch GET 200 https://registry.npmjs.org/asn1 17ms (cache hit)
npm http fetch GET 200 https://registry.npmjs.org/tweetnacl 16ms (cache hit)
npm http fetch GET 200 https://registry.npmjs.org/verror 19ms (cache hit)
npm http fetch GET 200 https://registry.npmjs.org/getpass 19ms (cache hit)
npm http fetch GET 200 https://registry.npmjs.org/bcrypt-pbkdf 18ms (cache hit)
npm http fetch GET 200 https://registry.npmjs.org/json-schema 20ms (cache hit)
npm http fetch GET 200 https://registry.npmjs.org/dashdash 20ms (cache hit)
npm http fetch GET 200 https://registry.npmjs.org/ansi-escapes 10ms (cache hit)
npm http fetch GET 200 https://registry.npmjs.org/tslib 9ms (cache hit)
npm http fetch GET 200 https://registry.npmjs.org/aggregate-error 10ms (cache hit)
npm http fetch GET 200 https://registry.npmjs.org/astral-regex 3ms (cache hit)
npm http fetch GET 200 https://registry.npmjs.org/type-fest 6ms (cache hit)
npm http fetch GET 200 https://registry.npmjs.org/concat-map 3ms (cache hit)
npm http fetch GET 200 https://registry.npmjs.org/balanced-match 4ms (cache hit)
npm http fetch GET 200 https://registry.npmjs.org/locate-path 31ms (cache hit)
npm http fetch GET 200 https://registry.npmjs.org/path-exists 32ms (cache hit)
npm http fetch GET 200 https://registry.npmjs.org/is-glob 35ms (cache hit)
npm http fetch GET 200 https://registry.npmjs.org/argparse 30ms (cache hit)
npm http fetch GET 200 https://registry.npmjs.org/braces 37ms (cache hit)
npm http fetch GET 200 https://registry.npmjs.org/is-binary-path 38ms (cache hit)
npm http fetch GET 200 https://registry.npmjs.org/glob-parent 39ms (cache hit)
npm http fetch GET 200 https://registry.npmjs.org/readdirp 38ms (cache hit)
npm http fetch GET 200 https://registry.npmjs.org/randombytes 33ms (cache hit)
npm http fetch GET 200 https://registry.npmjs.org/fsevents 39ms (cache hit)
npm http fetch GET 200 https://registry.npmjs.org/camelcase 30ms (cache hit)
npm http fetch GET 200 https://registry.npmjs.org/escalade 32ms (cache hit)
npm http fetch GET 200 https://registry.npmjs.org/anymatch 42ms (cache hit)
npm http fetch GET 200 https://registry.npmjs.org/flat 31ms (cache hit)
npm http fetch GET 200 https://registry.npmjs.org/is-plain-obj 30ms (cache hit)
npm http fetch GET 200 https://registry.npmjs.org/picomatch 10ms (cache hit)
npm http fetch GET 200 https://registry.npmjs.org/is-extglob 7ms (cache hit)
npm http fetch GET 200 https://registry.npmjs.org/fill-range 10ms (cache hit)
npm http fetch GET 200 https://registry.npmjs.org/binary-extensions 8ms (cache hit)
npm http fetch GET 200 https://registry.npmjs.org/picomatch 8ms (cache hit)
npm http fetch GET 200 https://registry.npmjs.org/to-regex-range 5ms (cache hit)
npm http fetch GET 200 https://registry.npmjs.org/is-number 4ms (cache hit)
npm http fetch GET 200 https://registry.npmjs.org/p-locate 7ms (cache hit)
npm http fetch GET 200 https://registry.npmjs.org/p-limit 4ms (cache hit)
npm http fetch GET 200 https://registry.npmjs.org/easy-stack 3ms (cache hit)
npm http fetch GET 200 https://registry.npmjs.org/yocto-queue 6ms (cache hit)
npm http fetch GET 200 https://registry.npmjs.org/indent-string 5ms (cache hit)
npm http fetch GET 200 https://registry.npmjs.org/clean-stack 6ms (cache hit)
npm http fetch GET 200 https://registry.npmjs.org/map-stream 6ms (cache hit)
npm http fetch GET 200 https://registry.npmjs.org/from 7ms (cache hit)
npm http fetch GET 200 https://registry.npmjs.org/pause-stream 8ms (cache hit)
npm http fetch GET 200 https://registry.npmjs.org/split 8ms (cache hit)
npm http fetch GET 200 https://registry.npmjs.org/duplexer 10ms (cache hit)
npm http fetch GET 200 https://registry.npmjs.org/stream-combiner 9ms (cache hit)
npm http fetch GET 200 https://registry.npmjs.org/call-bind 6ms (cache hit)
npm http fetch GET 200 https://registry.npmjs.org/object-inspect 6ms (cache hit)
npm http fetch GET 200 https://registry.npmjs.org/get-intrinsic 8ms (cache hit)
npm http fetch GET 200 https://registry.npmjs.org/es-errors 8ms (cache hit)
npm http fetch GET 200 https://registry.npmjs.org/har-schema 12ms (cache hit)
npm http fetch GET 200 https://registry.npmjs.org/fast-deep-equal 7ms (cache hit)
npm http fetch GET 200 https://registry.npmjs.org/fast-json-stable-stringify 6ms (cache hit)
npm http fetch GET 200 https://registry.npmjs.org/json-schema-traverse 7ms (cache hit)
npm http fetch GET 200 https://registry.npmjs.org/uri-js 7ms (cache hit)
npm http fetch GET 200 https://registry.npmjs.org/yallist 7ms (cache hit)
npm http fetch GET 200 https://registry.npmjs.org/es-define-property 11ms (cache hit)
npm http fetch GET 200 https://registry.npmjs.org/set-function-length 12ms (cache hit)
npm http fetch GET 200 https://registry.npmjs.org/has-proto 10ms (cache hit)
npm http fetch GET 200 https://registry.npmjs.org/function-bind 13ms (cache hit)
npm http fetch GET 200 https://registry.npmjs.org/hasown 12ms (cache hit)
npm http fetch GET 200 https://registry.npmjs.org/has-symbols 12ms (cache hit)
npm http fetch GET 200 https://registry.npmjs.org/define-data-property 6ms (cache hit)
npm http fetch GET 200 https://registry.npmjs.org/gopd 7ms (cache hit)
npm http fetch GET 200 https://registry.npmjs.org/has-property-descriptors 7ms (cache hit)
npm http fetch GET 200 https://registry.npmjs.org/querystringify 5ms (cache hit)
npm http fetch GET 200 https://registry.npmjs.org/requires-port 6ms (cache hit)
npm http fetch GET 200 https://registry.npmjs.org/unique-string 18ms (cache hit)
npm http fetch GET 200 https://registry.npmjs.org/cli-boxes 21ms (cache hit)
npm http fetch GET 200 https://registry.npmjs.org/escape-goat 15ms (cache hit)
npm http fetch GET 200 https://registry.npmjs.org/ansi-align 23ms (cache hit)
npm http fetch GET 200 https://registry.npmjs.org/package-json 16ms (cache hit)
npm http fetch GET 200 https://registry.npmjs.org/write-file-atomic 21ms (cache hit)
npm http fetch GET 200 https://registry.npmjs.org/widest-line 25ms (cache hit)
npm http fetch GET 200 https://registry.npmjs.org/dot-prop 23ms (cache hit)
npm http fetch GET 200 https://registry.npmjs.org/crypto-random-string 8ms (cache hit)
npm http fetch GET 200 https://registry.npmjs.org/imurmurhash 8ms (cache hit)
npm http fetch GET 200 https://registry.npmjs.org/is-obj 12ms (cache hit)
npm http fetch GET 200 https://registry.npmjs.org/typedarray-to-buffer 9ms (cache hit)
npm http fetch GET 200 https://registry.npmjs.org/registry-auth-token 7ms (cache hit)
npm http fetch GET 200 https://registry.npmjs.org/got 12ms (cache hit)
npm http fetch GET 200 https://registry.npmjs.org/registry-url 17ms (cache hit)
npm http fetch GET 200 https://registry.npmjs.org/decompress-response 22ms (cache hit)
npm http fetch GET 200 https://registry.npmjs.org/@sindresorhus%2fis 24ms (cache hit)
npm http fetch GET 200 https://registry.npmjs.org/duplexer3 24ms (cache hit)
npm http fetch GET 200 https://registry.npmjs.org/url-parse-lax 24ms (cache hit)
npm http fetch GET 200 https://registry.npmjs.org/p-cancelable 24ms (cache hit)
npm http fetch GET 200 https://registry.npmjs.org/cacheable-request 26ms (cache hit)
npm http fetch GET 200 https://registry.npmjs.org/@szmarczak%2fhttp-timer 28ms (cache hit)
npm http fetch GET 200 https://registry.npmjs.org/lowercase-keys 28ms (cache hit)
npm http fetch GET 200 https://registry.npmjs.org/to-readable-stream 29ms (cache hit)
npm http fetch GET 200 https://registry.npmjs.org/rc 29ms (cache hit)
npm http fetch GET 200 https://registry.npmjs.org/mimic-response 32ms (cache hit)
npm http fetch GET 200 https://registry.npmjs.org/rc 30ms (cache hit)
npm http fetch GET 200 https://registry.npmjs.org/defer-to-connect 18ms (cache hit)
npm http fetch GET 200 https://registry.npmjs.org/prepend-http 10ms (cache hit)
npm http fetch GET 200 https://registry.npmjs.org/keyv 18ms (cache hit)
npm http fetch GET 200 https://registry.npmjs.org/normalize-url 20ms (cache hit)
npm http fetch GET 200 https://registry.npmjs.org/http-cache-semantics 22ms (cache hit)
npm http fetch GET 200 https://registry.npmjs.org/clone-response 23ms (cache hit)
npm http fetch GET 200 https://registry.npmjs.org/responselike 22ms (cache hit)
npm http fetch GET 200 https://registry.npmjs.org/json-buffer 10ms (cache hit)
npm http fetch GET 200 https://registry.npmjs.org/deep-extend 4ms (cache hit)
npm http fetch GET 200 https://registry.npmjs.org/pend 6ms (cache hit)
npm http fetch GET 200 https://registry.npmjs.org/crc32-stream 4ms (cache hit)
npm http fetch GET 200 https://registry.npmjs.org/crc-32 5ms (cache hit)
npm http fetch GET 200 https://registry.npmjs.org/buffer-alloc-unsafe 11ms (cache hit)
npm http fetch GET 200 https://registry.npmjs.org/buffer-fill 11ms (cache hit)
npm http fetch GET 200 https://registry.npmjs.org/p-try 6ms (cache hit)
npm verb reify failed optional dependency C:\Users\BenScott\OneDrive - 2i Limited\Documents\training\junior_targets\cypress_browserstack\tmpBstackPackages\node_modules\fsevents
npm http fetch POST 200 https://registry.npmjs.org/-/npm/v1/security/advisories/bulk 1231ms
npm WARN deprecated har-validator@5.1.5: this library is no longer supported
npm WARN deprecated uuid@3.4.0: Please upgrade  to version 7 or higher.  Older versions may use Math.random() in certain circumstances, which is known to be problematic.  See https://v8.dev/blog/math-random for details.
npm WARN deprecated request@2.88.2: request has been deprecated, see https://github.com/request/request/issues/3142
npm info run cypress@13.7.0 postinstall node_modules/cypress node index.js --exec install
npm info run cypress@13.7.0 postinstall { code: 0, signal: null }

added 448 packages, and audited 449 packages in 16s

65 packages are looking for funding
  run `npm fund` for details

7 moderate severity vulnerabilities

To address all issues (including breaking changes), run:
  npm audit fix --force

Run `npm audit` for details.
npm verb exit 0
npm info ok 
